<?xml version="1.0" encoding="UTF-8"?>
<!-- Generated by org.testng.reporters.JUnitReportReporter -->
<testsuite hostname="DESKTOP-QQJINFP" failures="0" tests="1" name="Edit.AutomationPractice.ScrollScreenshot" time="38.764" errors="0" timestamp="2023-01-09T08:55:38 ART" skipped="0">
  <testcase classname="Edit.AutomationPractice.ScrollScreenshot" name="scrollScreenshotTest" time="38.764"/>
  <system-out/>
</testsuite> <!-- Edit.AutomationPractice.ScrollScreenshot -->
