<?xml version="1.0" encoding="UTF-8"?>
<!-- Generated by org.testng.reporters.JUnitReportReporter -->
<testsuite hostname="DESKTOP-QQJINFP" failures="0" tests="1" name="Edit.AutomationPractice.MobileEmulation" time="23.784" errors="0" timestamp="2023-01-09T09:12:21 ART" skipped="0">
  <testcase classname="Edit.AutomationPractice.MobileEmulation" name="testMobileEmulation" time="23.784"/>
  <system-out/>
</testsuite> <!-- Edit.AutomationPractice.MobileEmulation -->
