<?xml version="1.0" encoding="UTF-8"?>
<!-- Generated by org.testng.reporters.JUnitReportReporter -->
<testsuite hostname="DESKTOP-QQJINFP" failures="0" tests="1" name="Edit.AutomationPractice.Clase2" time="33.999" errors="0" timestamp="2023-01-05T08:14:38 ART" skipped="0">
  <testcase classname="Edit.AutomationPractice.Clase2" name="hacerBusquedaEnEdge" time="33.999"/>
  <system-out/>
</testsuite> <!-- Edit.AutomationPractice.Clase2 -->
