<?xml version="1.0" encoding="UTF-8"?>
<!-- Generated by org.testng.reporters.JUnitReportReporter -->
<testsuite hostname="DESKTOP-QQJINFP" failures="0" tests="3" name="Edit.AutomationPractice.Clase6" time="7.122" errors="0" timestamp="2023-01-05T08:42:50 ART" skipped="0">
  <testcase classname="Edit.AutomationPractice.Clase6" name="buscarPalabra" time="0.098"/>
  <system-out/>
  <testcase classname="Edit.AutomationPractice.Clase6" name="buscarPalabra" time="2.672"/>
  <system-out/>
  <testcase classname="Edit.AutomationPractice.Clase6" name="buscarPalabra" time="4.352"/>
  <system-out/>
</testsuite> <!-- Edit.AutomationPractice.Clase6 -->
