<?xml version="1.0" encoding="UTF-8"?>
<!-- Generated by org.testng.reporters.JUnitReportReporter -->
<testsuite hostname="DESKTOP-QQJINFP" failures="0" tests="1" name="Edit.AutomationPractice.AppTest" time="0.004" errors="0" timestamp="2022-12-26T08:54:31 ART" skipped="0">
  <testcase classname="Edit.AutomationPractice.AppTest" name="shouldAnswerWithTrue" time="0.004"/>
  <system-out/>
</testsuite> <!-- Edit.AutomationPractice.AppTest -->
