<?xml version="1.0" encoding="UTF-8"?>
<!-- Generated by org.testng.reporters.JUnitReportReporter -->
<testsuite hostname="DESKTOP-QQJINFP" failures="0" tests="5" name="pruebas.Clase8Test" time="7.076" errors="0" timestamp="2023-01-12T08:55:21 ART" skipped="0">
  <testcase classname="pruebas.Clase8Test" name="login" time="1.725"/>
  <system-out/>
  <testcase classname="pruebas.Clase8Test" name="login" time="1.304"/>
  <system-out/>
  <testcase classname="pruebas.Clase8Test" name="login" time="1.345"/>
  <system-out/>
  <testcase classname="pruebas.Clase8Test" name="login" time="1.364"/>
  <system-out/>
  <testcase classname="pruebas.Clase8Test" name="login" time="1.338"/>
  <system-out/>
</testsuite> <!-- pruebas.Clase8Test -->
