<?xml version="1.0" encoding="UTF-8"?>
<!-- Generated by org.testng.reporters.JUnitReportReporter -->
<testsuite hostname="DESKTOP-QQJINFP" failures="0" tests="1" name="Edit.AutomationPractice.AlertTest" time="0.101" errors="0" timestamp="2023-01-09T08:50:45 ART" skipped="0">
  <testcase classname="Edit.AutomationPractice.AlertTest" name="verAlerta1" time="0.101"/>
  <system-out/>
</testsuite> <!-- Edit.AutomationPractice.AlertTest -->
