<?xml version="1.0" encoding="UTF-8"?>
<!-- Generated by org.testng.reporters.JUnitReportReporter -->
<testsuite hostname="DESKTOP-QQJINFP" failures="0" tests="1" name="Edit.AutomationPractice.Clase5" time="11.074" errors="0" timestamp="2023-01-05T09:15:56 ART" skipped="0">
  <testcase classname="Edit.AutomationPractice.Clase5" name="irAContactanos" time="11.074"/>
  <system-out/>
</testsuite> <!-- Edit.AutomationPractice.Clase5 -->
